[1217/213334.269:ERROR:process_info.cc(359)] UncheckedAllocate
[1219/183751.015:ERROR:process_info.cc(359)] UncheckedAllocate
[1219/183943.403:ERROR:process_info.cc(359)] UncheckedAllocate
[1219/183943.470:ERROR:process_info.cc(359)] UncheckedAllocate
[1219/183943.477:ERROR:http_transport_win.cc(276)] WinHttpSendRequest: Операция успешно завершена. (0x0)
[1229/144208.289:ERROR:process_info.cc(359)] UncheckedAllocate
[1229/194016.243:ERROR:process_info.cc(359)] UncheckedAllocate
[1229/194016.267:ERROR:process_info.cc(359)] UncheckedAllocate
[1229/194038.948:ERROR:crashpad_client_win.cc(505)] CreateProcess: Файл подкачки слишком мал для завершения операции. (0x5AF)
[0102/181419.297:ERROR:process_info.cc(359)] UncheckedAllocate
[0201/181457.311:ERROR:process_info.cc(359)] UncheckedAllocate
[0201/181640.861:ERROR:process_info.cc(359)] UncheckedAllocate
[0201/181640.875:ERROR:process_info.cc(359)] UncheckedAllocate
[0201/181942.852:ERROR:process_info.cc(359)] UncheckedAllocate
[0201/181942.864:ERROR:process_info.cc(359)] UncheckedAllocate
[0201/181942.873:ERROR:process_memory_win.cc(73)] ReadMemory at 0x2b3f3f8000 of 32768 bytes failed: Запрос ReadProcessMemory или WriteProcessMemory был выполнен только частично. (0x12B)
[0201/181942.873:ERROR:process_memory_win.cc(73)] ReadMemory at 0x2b3fbfd000 of 12288 bytes failed: Запрос ReadProcessMemory или WriteProcessMemory был выполнен только частично. (0x12B)
[0201/181942.873:ERROR:process_memory_win.cc(73)] ReadMemory at 0x2b403fd000 of 12288 bytes failed: Запрос ReadProcessMemory или WriteProcessMemory был выполнен только частично. (0x12B)
[0201/181942.874:ERROR:process_memory_win.cc(73)] ReadMemory at 0x2b40bfc000 of 16384 bytes failed: Запрос ReadProcessMemory или WriteProcessMemory был выполнен только частично. (0x12B)
[0201/181942.874:ERROR:process_memory_win.cc(73)] ReadMemory at 0x2b413fc000 of 16384 bytes failed: Запрос ReadProcessMemory или WriteProcessMemory был выполнен только частично. (0x12B)
[0201/181942.874:ERROR:process_memory_win.cc(73)] ReadMemory at 0x2b41bfe000 of 8192 bytes failed: Запрос ReadProcessMemory или WriteProcessMemory был выполнен только частично. (0x12B)
[0201/181942.874:ERROR:process_memory_win.cc(73)] ReadMemory at 0x2b423fd000 of 12288 bytes failed: Запрос ReadProcessMemory или WriteProcessMemory был выполнен только частично. (0x12B)
[0201/181942.874:ERROR:process_memory_win.cc(73)] ReadMemory at 0x2b42bfb000 of 20480 bytes failed: Запрос ReadProcessMemory или WriteProcessMemory был выполнен только частично. (0x12B)
[0201/181942.875:ERROR:process_memory_win.cc(73)] ReadMemory at 0x2b433fd000 of 12288 bytes failed: Запрос ReadProcessMemory или WriteProcessMemory был выполнен только частично. (0x12B)
[0201/181942.875:ERROR:process_memory_win.cc(73)] ReadMemory at 0x2b43bfd000 of 12288 bytes failed: Запрос ReadProcessMemory или WriteProcessMemory был выполнен только частично. (0x12B)
[0201/181942.875:ERROR:process_memory_win.cc(73)] ReadMemory at 0x2b443fd000 of 12288 bytes failed: Запрос ReadProcessMemory или WriteProcessMemory был выполнен только частично. (0x12B)
[0201/181942.875:ERROR:process_memory_win.cc(73)] ReadMemory at 0x2b44bfd000 of 12288 bytes failed: Запрос ReadProcessMemory или WriteProcessMemory был выполнен только частично. (0x12B)
[0201/181942.875:ERROR:process_memory_win.cc(73)] ReadMemory at 0x2b453fd000 of 12288 bytes failed: Запрос ReadProcessMemory или WriteProcessMemory был выполнен только частично. (0x12B)
[0201/181942.875:ERROR:process_memory_win.cc(73)] ReadMemory at 0x2b45bfd000 of 12288 bytes failed: Запрос ReadProcessMemory или WriteProcessMemory был выполнен только частично. (0x12B)
[0201/181942.875:ERROR:process_memory_win.cc(73)] ReadMemory at 0x2b463fd000 of 12288 bytes failed: Запрос ReadProcessMemory или WriteProcessMemory был выполнен только частично. (0x12B)
[0201/181942.876:ERROR:process_memory_win.cc(73)] ReadMemory at 0x2b46bfd000 of 12288 bytes failed: Запрос ReadProcessMemory или WriteProcessMemory был выполнен только частично. (0x12B)
[0201/181942.876:ERROR:process_memory_win.cc(73)] ReadMemory at 0x2b3ea3f000 of 852 bytes failed: Запрос ReadProcessMemory или WriteProcessMemory был выполнен только частично. (0x12B)
[0201/181942.876:ERROR:process_memory_win.cc(73)] ReadMemory at 0x2b3ea40000 of 6024 bytes failed: Запрос ReadProcessMemory или WriteProcessMemory был выполнен только частично. (0x12B)
[0201/181942.876:ERROR:process_memory_win.cc(73)] ReadMemory at 0x2b3ea42000 of 6024 bytes failed: Запрос ReadProcessMemory или WriteProcessMemory был выполнен только частично. (0x12B)
[0201/181942.876:ERROR:process_memory_win.cc(73)] ReadMemory at 0x2b3ea44000 of 6024 bytes failed: Запрос ReadProcessMemory или WriteProcessMemory был выполнен только частично. (0x12B)
[0201/181942.876:ERROR:process_memory_win.cc(73)] ReadMemory at 0x2b3ea46000 of 6024 bytes failed: Запрос ReadProcessMemory или WriteProcessMemory был выполнен только частично. (0x12B)
[0201/181942.877:ERROR:process_memory_win.cc(73)] ReadMemory at 0x2b3ea48000 of 6024 bytes failed: Запрос ReadProcessMemory или WriteProcessMemory был выполнен только частично. (0x12B)
[0201/181942.877:ERROR:process_memory_win.cc(73)] ReadMemory at 0x2b3ea4a000 of 6024 bytes failed: Запрос ReadProcessMemory или WriteProcessMemory был выполнен только частично. (0x12B)
[0201/181942.877:ERROR:process_memory_win.cc(73)] ReadMemory at 0x2b3ea4c000 of 6024 bytes failed: Запрос ReadProcessMemory или WriteProcessMemory был выполнен только частично. (0x12B)
[0201/181942.877:ERROR:process_memory_win.cc(73)] ReadMemory at 0x2b3ea4e000 of 6024 bytes failed: Запрос ReadProcessMemory или WriteProcessMemory был выполнен только частично. (0x12B)
[0201/181942.877:ERROR:process_memory_win.cc(73)] ReadMemory at 0x2b3ea50000 of 6024 bytes failed: Запрос ReadProcessMemory или WriteProcessMemory был выполнен только частично. (0x12B)
[0201/181942.877:ERROR:process_memory_win.cc(73)] ReadMemory at 0x2b3ea52000 of 6024 bytes failed: Запрос ReadProcessMemory или WriteProcessMemory был выполнен только частично. (0x12B)
[0201/181942.877:ERROR:process_memory_win.cc(73)] ReadMemory at 0x2b3ea54000 of 6024 bytes failed: Запрос ReadProcessMemory или WriteProcessMemory был выполнен только частично. (0x12B)
[0201/181942.878:ERROR:process_memory_win.cc(73)] ReadMemory at 0x2b3ea56000 of 6024 bytes failed: Запрос ReadProcessMemory или WriteProcessMemory был выполнен только частично. (0x12B)
[0201/181942.878:ERROR:process_memory_win.cc(73)] ReadMemory at 0x2b3ea58000 of 6024 bytes failed: Запрос ReadProcessMemory или WriteProcessMemory был выполнен только частично. (0x12B)
[0201/181942.878:ERROR:process_memory_win.cc(73)] ReadMemory at 0x2b3ea5a000 of 6024 bytes failed: Запрос ReadProcessMemory или WriteProcessMemory был выполнен только частично. (0x12B)
[0201/181942.878:ERROR:process_memory_win.cc(73)] ReadMemory at 0x2b3ea5c000 of 6024 bytes failed: Запрос ReadProcessMemory или WriteProcessMemory был выполнен только частично. (0x12B)
[0201/181942.878:ERROR:process_memory_win.cc(73)] ReadMemory at 0x2b3ea5e000 of 6024 bytes failed: Запрос ReadProcessMemory или WriteProcessMemory был выполнен только частично. (0x12B)
[0201/181942.878:ERROR:process_memory_win.cc(73)] ReadMemory at 0x18bf3b90fe0 of 5444 bytes failed: Запрос ReadProcessMemory или WriteProcessMemory был выполнен только частично. (0x12B)
[0201/181942.879:ERROR:process_memory_win.cc(73)] ReadMemory at 0x18bf3b92530 of 1012 bytes failed: Запрос ReadProcessMemory или WriteProcessMemory был выполнен только частично. (0x12B)
[0201/181942.879:ERROR:process_memory_win.cc(73)] ReadMemory at 0x18bf3b92b78 of 118 bytes failed: Запрос ReadProcessMemory или WriteProcessMemory был выполнен только частично. (0x12B)
[0201/181942.879:ERROR:process_memory_win.cc(73)] ReadMemory at 0x18bf3b92bf0 of 1400 bytes failed: Запрос ReadProcessMemory или WriteProcessMemory был выполнен только частично. (0x12B)
[0201/181942.879:ERROR:process_memory_win.cc(73)] ReadMemory at 0x18bf3b9316a of 118 bytes failed: Запрос ReadProcessMemory или WriteProcessMemory был выполнен только частично. (0x12B)
[0201/181942.879:ERROR:process_memory_win.cc(73)] ReadMemory at 0x18bf3b931e2 of 98 bytes failed: Запрос ReadProcessMemory или WriteProcessMemory был выполнен только частично. (0x12B)
[0201/181942.879:ERROR:process_memory_win.cc(73)] ReadMemory at 0x18bf3b93250 of 58 bytes failed: Запрос ReadProcessMemory или WriteProcessMemory был выполнен только частично. (0x12B)
[0201/181942.879:ERROR:process_memory_win.cc(73)] ReadMemory at 0x18bf3b93350 of 132 bytes failed: Запрос ReadProcessMemory или WriteProcessMemory был выполнен только частично. (0x12B)
[0201/181942.879:ERROR:process_memory_win.cc(73)] ReadMemory at 0x18bf3b934e0 of 132 bytes failed: Запрос ReadProcessMemory или WriteProcessMemory был выполнен только частично. (0x12B)
[0201/181942.880:ERROR:process_memory_win.cc(73)] ReadMemory at 0x18bf3b936a0 of 126 bytes failed: Запрос ReadProcessMemory или WriteProcessMemory был выполнен только частично. (0x12B)
[0201/181942.880:ERROR:process_memory_win.cc(73)] ReadMemory at 0x18bf3b93a80 of 132 bytes failed: Запрос ReadProcessMemory или WriteProcessMemory был выполнен только частично. (0x12B)
[0201/181942.880:ERROR:process_memory_win.cc(73)] ReadMemory at 0x18bf3b93c10 of 64 bytes failed: Запрос ReadProcessMemory или WriteProcessMemory был выполнен только частично. (0x12B)
[0201/181942.880:ERROR:process_memory_win.cc(73)] ReadMemory at 0x18bf3b93c60 of 132 bytes failed: Запрос ReadProcessMemory или WriteProcessMemory был выполнен только частично. (0x12B)
[0201/181942.880:ERROR:process_memory_win.cc(73)] ReadMemory at 0x18bf3b93dd0 of 132 bytes failed: Запрос ReadProcessMemory или WriteProcessMemory был выполнен только частично. (0x12B)
[0201/181942.880:ERROR:process_memory_win.cc(73)] ReadMemory at 0x18bf3b94070 of 132 bytes failed: Запрос ReadProcessMemory или WriteProcessMemory был выполнен только частично. (0x12B)
[0201/181942.880:ERROR:process_memory_win.cc(73)] ReadMemory at 0x18bf3b94200 of 68 bytes failed: Запрос ReadProcessMemory или WriteProcessMemory был выполнен только частично. (0x12B)
[0201/181942.880:ERROR:process_memory_win.cc(73)] ReadMemory at 0x18bf3b95410 of 132 bytes failed: Запрос ReadProcessMemory или WriteProcessMemory был выполнен только частично. (0x12B)
[0201/181942.880:ERROR:process_memory_win.cc(73)] ReadMemory at 0x18bf3b955a0 of 154 bytes failed: Запрос ReadProcessMemory или WriteProcessMemory был выполнен только частично. (0x12B)
[0201/181942.881:ERROR:process_memory_win.cc(73)] ReadMemory at 0x18bf3b96440 of 62 bytes failed: Запрос ReadProcessMemory или WriteProcessMemory был выполнен только частично. (0x12B)
[0201/181942.881:ERROR:process_memory_win.cc(73)] ReadMemory at 0x18bf3b965a0 of 132 bytes failed: Запрос ReadProcessMemory или WriteProcessMemory был выполнен только частично. (0x12B)
[0201/181942.881:ERROR:process_memory_win.cc(73)] ReadMemory at 0x18bf3b96730 of 60 bytes failed: Запрос ReadProcessMemory или WriteProcessMemory был выполнен только частично. (0x12B)
[0201/181942.881:ERROR:process_memory_win.cc(73)] ReadMemory at 0x18bf3b96b00 of 158 bytes failed: Запрос ReadProcessMemory или WriteProcessMemory был выполнен только частично. (0x12B)
[0201/181942.881:ERROR:process_memory_win.cc(73)] ReadMemory at 0x18bf3b9a6b0 of 132 bytes failed: Запрос ReadProcessMemory или WriteProcessMemory был выполнен только частично. (0x12B)
[0201/181942.881:ERROR:process_memory_win.cc(73)] ReadMemory at 0x18bf3b9a7e0 of 132 bytes failed: Запрос ReadProcessMemory или WriteProcessMemory был выполнен только частично. (0x12B)
[0201/181942.881:ERROR:process_memory_win.cc(73)] ReadMemory at 0x18bf3b9a970 of 80 bytes failed: Запрос ReadProcessMemory или WriteProcessMemory был выполнен только частично. (0x12B)
[0201/181942.881:ERROR:process_memory_win.cc(73)] ReadMemory at 0x18bf3b9ab60 of 64 bytes failed: Запрос ReadProcessMemory или WriteProcessMemory был выполнен только частично. (0x12B)
[0201/181942.881:ERROR:process_memory_win.cc(73)] ReadMemory at 0x18bf3b9abb0 of 62 bytes failed: Запрос ReadProcessMemory или WriteProcessMemory был выполнен только частично. (0x12B)
[0201/181942.881:ERROR:process_memory_win.cc(73)] ReadMemory at 0x18bf3b9ac00 of 60 bytes failed: Запрос ReadProcessMemory или WriteProcessMemory был выполнен только частично. (0x12B)
[0201/181942.881:ERROR:process_memory_win.cc(73)] ReadMemory at 0x18bf3b9aca0 of 64 bytes failed: Запрос ReadProcessMemory или WriteProcessMemory был выполнен только частично. (0x12B)
[0201/181942.882:ERROR:process_memory_win.cc(73)] ReadMemory at 0x18bf3b9ae30 of 60 bytes failed: Запрос ReadProcessMemory или WriteProcessMemory был выполнен только частично. (0x12B)
[0201/181942.882:ERROR:process_memory_win.cc(73)] ReadMemory at 0x18bf3b9b010 of 62 bytes failed: Запрос ReadProcessMemory или WriteProcessMemory был выполнен только частично. (0x12B)
[0201/181942.882:ERROR:process_memory_win.cc(73)] ReadMemory at 0x18bf3b9b100 of 66 bytes failed: Запрос ReadProcessMemory или WriteProcessMemory был выполнен только частично. (0x12B)
[0201/181942.882:ERROR:process_memory_win.cc(73)] ReadMemory at 0x18bf3b9b1a0 of 64 bytes failed: Запрос ReadProcessMemory или WriteProcessMemory был выполнен только частично. (0x12B)
[0201/181942.882:ERROR:process_memory_win.cc(73)] ReadMemory at 0x18bf3b9b1f0 of 64 bytes failed: Запрос ReadProcessMemory или WriteProcessMemory был выполнен только частично. (0x12B)
[0201/181942.882:ERROR:process_memory_win.cc(73)] ReadMemory at 0x18bf3b9c080 of 76 bytes failed: Запрос ReadProcessMemory или WriteProcessMemory был выполнен только частично. (0x12B)
[0201/181942.882:ERROR:process_memory_win.cc(73)] ReadMemory at 0x18bf3b9c0e0 of 78 bytes failed: Запрос ReadProcessMemory или WriteProcessMemory был выполнен только частично. (0x12B)
[0201/181942.882:ERROR:process_memory_win.cc(73)] ReadMemory at 0x18bf3b9dc50 of 132 bytes failed: Запрос ReadProcessMemory или WriteProcessMemory был выполнен только частично. (0x12B)
[0201/181942.882:ERROR:process_memory_win.cc(73)] ReadMemory at 0x18bf3b9dd80 of 132 bytes failed: Запрос ReadProcessMemory или WriteProcessMemory был выполнен только частично. (0x12B)
[0201/181942.882:ERROR:process_memory_win.cc(73)] ReadMemory at 0x18bf3b9f200 of 54 bytes failed: Запрос ReadProcessMemory или WriteProcessMemory был выполнен только частично. (0x12B)
[0201/181942.883:ERROR:process_memory_win.cc(73)] ReadMemory at 0x18bf3b9f5b0 of 132 bytes failed: Запрос ReadProcessMemory или WriteProcessMemory был выполнен только частично. (0x12B)
[0201/181942.883:ERROR:process_memory_win.cc(73)] ReadMemory at 0x18bf3ba0840 of 132 bytes failed: Запрос ReadProcessMemory или WriteProcessMemory был выполнен только частично. (0x12B)
[0201/181942.883:ERROR:process_memory_win.cc(73)] ReadMemory at 0x18bf3ba0970 of 132 bytes failed: Запрос ReadProcessMemory или WriteProcessMemory был выполнен только частично. (0x12B)
[0201/181942.883:ERROR:process_memory_win.cc(73)] ReadMemory at 0x18bf3ba2260 of 132 bytes failed: Запрос ReadProcessMemory или WriteProcessMemory был выполнен только частично. (0x12B)
[0201/181942.883:ERROR:process_memory_win.cc(73)] ReadMemory at 0x18bf3ba2610 of 132 bytes failed: Запрос ReadProcessMemory или WriteProcessMemory был выполнен только частично. (0x12B)
[0201/181942.883:ERROR:process_memory_win.cc(73)] ReadMemory at 0x18bf3ba4d90 of 132 bytes failed: Запрос ReadProcessMemory или WriteProcessMemory был выполнен только частично. (0x12B)
[0201/181942.883:ERROR:process_memory_win.cc(73)] ReadMemory at 0x18bf3ba4ff0 of 132 bytes failed: Запрос ReadProcessMemory или WriteProcessMemory был выполнен только частично. (0x12B)
[0201/181942.883:ERROR:process_memory_win.cc(73)] ReadMemory at 0x18bf3ba5120 of 132 bytes failed: Запрос ReadProcessMemory или WriteProcessMemory был выполнен только частично. (0x12B)
[0201/181942.883:ERROR:process_memory_win.cc(73)] ReadMemory at 0x18bf3ba5250 of 132 bytes failed: Запрос ReadProcessMemory или WriteProcessMemory был выполнен только частично. (0x12B)
[0201/181942.883:ERROR:process_memory_win.cc(73)] ReadMemory at 0x18bf3ba5380 of 132 bytes failed: Запрос ReadProcessMemory или WriteProcessMemory был выполнен только частично. (0x12B)
[0201/181942.884:ERROR:process_memory_win.cc(73)] ReadMemory at 0x18bf3ba54b0 of 132 bytes failed: Запрос ReadProcessMemory или WriteProcessMemory был выполнен только частично. (0x12B)
[0201/181942.884:ERROR:process_memory_win.cc(73)] ReadMemory at 0x18bf3ba55e0 of 132 bytes failed: Запрос ReadProcessMemory или WriteProcessMemory был выполнен только частично. (0x12B)
[0201/181942.884:ERROR:process_memory_win.cc(73)] ReadMemory at 0x18bf3ba5710 of 132 bytes failed: Запрос ReadProcessMemory или WriteProcessMemory был выполнен только частично. (0x12B)
[0201/181942.884:ERROR:process_memory_win.cc(73)] ReadMemory at 0x18bf3ba5840 of 132 bytes failed: Запрос ReadProcessMemory или WriteProcessMemory был выполнен только частично. (0x12B)
[0201/181942.884:ERROR:process_memory_win.cc(73)] ReadMemory at 0x18bf3ba5970 of 132 bytes failed: Запрос ReadProcessMemory или WriteProcessMemory был выполнен только частично. (0x12B)
[0201/181942.884:ERROR:process_memory_win.cc(73)] ReadMemory at 0x18bf3ba5aa0 of 132 bytes failed: Запрос ReadProcessMemory или WriteProcessMemory был выполнен только частично. (0x12B)
[0201/181942.884:ERROR:process_memory_win.cc(73)] ReadMemory at 0x18bf3ba5bd0 of 132 bytes failed: Запрос ReadProcessMemory или WriteProcessMemory был выполнен только частично. (0x12B)
[0201/181942.884:ERROR:process_memory_win.cc(73)] ReadMemory at 0x18bf3ba5e80 of 64 bytes failed: Запрос ReadProcessMemory или WriteProcessMemory был выполнен только частично. (0x12B)
[0201/181942.885:ERROR:process_memory_win.cc(73)] ReadMemory at 0x18bf3ba5ed0 of 62 bytes failed: Запрос ReadProcessMemory или WriteProcessMemory был выполнен только частично. (0x12B)
[0201/181942.885:ERROR:process_memory_win.cc(73)] ReadMemory at 0x18bf3ba6100 of 60 bytes failed: Запрос ReadProcessMemory или WriteProcessMemory был выполнен только частично. (0x12B)
[0201/181942.885:ERROR:process_memory_win.cc(73)] ReadMemory at 0x18bf3ba61a0 of 58 bytes failed: Запрос ReadProcessMemory или WriteProcessMemory был выполнен только частично. (0x12B)
[0201/181942.885:ERROR:process_memory_win.cc(73)] ReadMemory at 0x18bf3ba6290 of 60 bytes failed: Запрос ReadProcessMemory или WriteProcessMemory был выполнен только частично. (0x12B)
[0201/181942.885:ERROR:process_memory_win.cc(73)] ReadMemory at 0x18bf3ba6380 of 62 bytes failed: Запрос ReadProcessMemory или WriteProcessMemory был выполнен только частично. (0x12B)
[0201/181942.885:ERROR:process_memory_win.cc(73)] ReadMemory at 0x18bf3ba63d0 of 64 bytes failed: Запрос ReadProcessMemory или WriteProcessMemory был выполнен только частично. (0x12B)
[0201/181942.885:ERROR:process_memory_win.cc(73)] ReadMemory at 0x18bf3ba6420 of 66 bytes failed: Запрос ReadProcessMemory или WriteProcessMemory был выполнен только частично. (0x12B)
[0201/181942.885:ERROR:process_memory_win.cc(73)] ReadMemory at 0x18bf3ba6470 of 60 bytes failed: Запрос ReadProcessMemory или WriteProcessMemory был выполнен только частично. (0x12B)
[0201/181942.885:ERROR:process_memory_win.cc(73)] ReadMemory at 0x18bf3ba64c0 of 62 bytes failed: Запрос ReadProcessMemory или WriteProcessMemory был выполнен только частично. (0x12B)
[0201/181942.885:ERROR:process_memory_win.cc(73)] ReadMemory at 0x18bf3ba65b0 of 62 bytes failed: Запрос ReadProcessMemory или WriteProcessMemory был выполнен только частично. (0x12B)
[0201/181942.886:ERROR:process_memory_win.cc(73)] ReadMemory at 0x18bf3ba6650 of 62 bytes failed: Запрос ReadProcessMemory или WriteProcessMemory был выполнен только частично. (0x12B)
[0201/181942.886:ERROR:process_memory_win.cc(73)] ReadMemory at 0x18bf3ba6740 of 64 bytes failed: Запрос ReadProcessMemory или WriteProcessMemory был выполнен только частично. (0x12B)
[0201/181942.886:ERROR:process_memory_win.cc(73)] ReadMemory at 0x18bf3ba68d0 of 62 bytes failed: Запрос ReadProcessMemory или WriteProcessMemory был выполнен только частично. (0x12B)
[0201/181942.886:ERROR:process_memory_win.cc(73)] ReadMemory at 0x18bf3ba6920 of 62 bytes failed: Запрос ReadProcessMemory или WriteProcessMemory был выполнен только частично. (0x12B)
[0201/181942.886:ERROR:process_memory_win.cc(73)] ReadMemory at 0x18bf3ba6b00 of 62 bytes failed: Запрос ReadProcessMemory или WriteProcessMemory был выполнен только частично. (0x12B)
[0201/181942.886:ERROR:process_memory_win.cc(73)] ReadMemory at 0x18bf3ba6b50 of 64 bytes failed: Запрос ReadProcessMemory или WriteProcessMemory был выполнен только частично. (0x12B)
[0201/181942.886:ERROR:process_memory_win.cc(73)] ReadMemory at 0x18bf3ba6ba0 of 58 bytes failed: Запрос ReadProcessMemory или WriteProcessMemory был выполнен только частично. (0x12B)
[0201/181942.886:ERROR:process_memory_win.cc(73)] ReadMemory at 0x18bf3ba6bf0 of 60 bytes failed: Запрос ReadProcessMemory или WriteProcessMemory был выполнен только частично. (0x12B)
[0201/181942.886:ERROR:process_memory_win.cc(73)] ReadMemory at 0x18bf3ba6c40 of 62 bytes failed: Запрос ReadProcessMemory или WriteProcessMemory был выполнен только частично. (0x12B)
[0201/181942.886:ERROR:process_memory_win.cc(73)] ReadMemory at 0x18bf3ba6d80 of 64 bytes failed: Запрос ReadProcessMemory или WriteProcessMemory был выполнен только частично. (0x12B)
[0201/181942.887:ERROR:process_memory_win.cc(73)] ReadMemory at 0x18bf3ba8190 of 132 bytes failed: Запрос ReadProcessMemory или WriteProcessMemory был выполнен только частично. (0x12B)
[0201/181942.887:ERROR:process_memory_win.cc(73)] ReadMemory at 0x18bf3ba82c0 of 132 bytes failed: Запрос ReadProcessMemory или WriteProcessMemory был выполнен только частично. (0x12B)
[0201/181942.887:ERROR:process_memory_win.cc(73)] ReadMemory at 0x18bf3ba8520 of 132 bytes failed: Запрос ReadProcessMemory или WriteProcessMemory был выполнен только частично. (0x12B)
[0201/181942.887:ERROR:process_memory_win.cc(73)] ReadMemory at 0x18bf3ba8650 of 132 bytes failed: Запрос ReadProcessMemory или WriteProcessMemory был выполнен только частично. (0x12B)
[0201/181942.887:ERROR:process_memory_win.cc(73)] ReadMemory at 0x18bf3ba8780 of 132 bytes failed: Запрос ReadProcessMemory или WriteProcessMemory был выполнен только частично. (0x12B)
[0201/181942.887:ERROR:process_memory_win.cc(73)] ReadMemory at 0x18bf3ba88b0 of 132 bytes failed: Запрос ReadProcessMemory или WriteProcessMemory был выполнен только частично. (0x12B)
[0201/181942.887:ERROR:process_memory_win.cc(73)] ReadMemory at 0x18bf3ba89e0 of 132 bytes failed: Запрос ReadProcessMemory или WriteProcessMemory был выполнен только частично. (0x12B)
[0201/181942.887:ERROR:process_memory_win.cc(73)] ReadMemory at 0x18bf3ba8d70 of 132 bytes failed: Запрос ReadProcessMemory или WriteProcessMemory был выполнен только частично. (0x12B)
[0201/181942.887:ERROR:process_memory_win.cc(73)] ReadMemory at 0x18bf3ba8ea0 of 132 bytes failed: Запрос ReadProcessMemory или WriteProcessMemory был выполнен только частично. (0x12B)
[0201/181942.888:ERROR:process_memory_win.cc(73)] ReadMemory at 0x18bf3ba8fd0 of 132 bytes failed: Запрос ReadProcessMemory или WriteProcessMemory был выполнен только частично. (0x12B)
[0201/181942.888:ERROR:process_memory_win.cc(73)] ReadMemory at 0x18bf3ba9100 of 132 bytes failed: Запрос ReadProcessMemory или WriteProcessMemory был выполнен только частично. (0x12B)
[0201/181942.888:ERROR:process_memory_win.cc(73)] ReadMemory at 0x18bf3ba9230 of 132 bytes failed: Запрос ReadProcessMemory или WriteProcessMemory был выполнен только частично. (0x12B)
[0201/181942.888:ERROR:process_memory_win.cc(73)] ReadMemory at 0x18bf3ba9360 of 132 bytes failed: Запрос ReadProcessMemory или WriteProcessMemory был выполнен только частично. (0x12B)
[0201/181942.888:ERROR:process_memory_win.cc(73)] ReadMemory at 0x18bf3ba9490 of 132 bytes failed: Запрос ReadProcessMemory или WriteProcessMemory был выполнен только частично. (0x12B)
[0201/181942.888:ERROR:process_memory_win.cc(73)] ReadMemory at 0x18bf3ba95c0 of 132 bytes failed: Запрос ReadProcessMemory или WriteProcessMemory был выполнен только частично. (0x12B)
[0201/181942.888:ERROR:process_memory_win.cc(73)] ReadMemory at 0x18bf3ba9820 of 132 bytes failed: Запрос ReadProcessMemory или WriteProcessMemory был выполнен только частично. (0x12B)
[0201/181942.888:ERROR:process_memory_win.cc(73)] ReadMemory at 0x18bf3ba9a80 of 132 bytes failed: Запрос ReadProcessMemory или WriteProcessMemory был выполнен только частично. (0x12B)
[0201/181942.888:ERROR:process_memory_win.cc(73)] ReadMemory at 0x18bf3ba9bb0 of 132 bytes failed: Запрос ReadProcessMemory или WriteProcessMemory был выполнен только частично. (0x12B)
[0201/181942.889:ERROR:process_memory_win.cc(73)] ReadMemory at 0x18bf3ba9ce0 of 132 bytes failed: Запрос ReadProcessMemory или WriteProcessMemory был выполнен только частично. (0x12B)
[0201/181942.889:ERROR:process_memory_win.cc(73)] ReadMemory at 0x18bf3ba9e10 of 132 bytes failed: Запрос ReadProcessMemory или WriteProcessMemory был выполнен только частично. (0x12B)
[0201/181942.889:ERROR:process_memory_win.cc(73)] ReadMemory at 0x18bf3bbabf0 of 58 bytes failed: Запрос ReadProcessMemory или WriteProcessMemory был выполнен только частично. (0x12B)
[0201/181942.889:ERROR:process_memory_win.cc(73)] ReadMemory at 0x18bf3bbb0f0 of 62 bytes failed: Запрос ReadProcessMemory или WriteProcessMemory был выполнен только частично. (0x12B)
[0201/181942.889:ERROR:process_memory_win.cc(73)] ReadMemory at 0x18bf3bbb320 of 60 bytes failed: Запрос ReadProcessMemory или WriteProcessMemory был выполнен только частично. (0x12B)
[0201/181942.889:ERROR:process_memory_win.cc(73)] ReadMemory at 0x18bf3bbb410 of 60 bytes failed: Запрос ReadProcessMemory или WriteProcessMemory был выполнен только частично. (0x12B)
[0201/181942.889:ERROR:process_memory_win.cc(73)] ReadMemory at 0x18bf3bbb780 of 58 bytes failed: Запрос ReadProcessMemory или WriteProcessMemory был выполнен только частично. (0x12B)
[0201/181942.889:ERROR:process_memory_win.cc(73)] ReadMemory at 0x18bf3bbb7d0 of 66 bytes failed: Запрос ReadProcessMemory или WriteProcessMemory был выполнен только частично. (0x12B)
[0201/181942.889:ERROR:process_memory_win.cc(73)] ReadMemory at 0x18bf3bbb8c0 of 62 bytes failed: Запрос ReadProcessMemory или WriteProcessMemory был выполнен только частично. (0x12B)
[0201/181942.889:ERROR:process_memory_win.cc(73)] ReadMemory at 0x18bf3bc5890 of 512 bytes failed: Запрос ReadProcessMemory или WriteProcessMemory был выполнен только частично. (0x12B)
[0201/181942.889:ERROR:process_memory_win.cc(73)] ReadMemory at 0x18bf3bc6d20 of 512 bytes failed: Запрос ReadProcessMemory или WriteProcessMemory был выполнен только частично. (0x12B)
[0201/181942.890:ERROR:process_memory_win.cc(73)] ReadMemory at 0x18bf3bc6f50 of 512 bytes failed: Запрос ReadProcessMemory или WriteProcessMemory был выполнен только частично. (0x12B)
[0201/181942.890:ERROR:process_memory_win.cc(73)] ReadMemory at 0x18bf3d70e80 of 512 bytes failed: Запрос ReadProcessMemory или WriteProcessMemory был выполнен только частично. (0x12B)
[0201/181942.890:ERROR:process_memory_win.cc(73)] ReadMemory at 0x18bf3e98ad0 of 512 bytes failed: Запрос ReadProcessMemory или WriteProcessMemory был выполнен только частично. (0x12B)
[0201/181942.890:ERROR:process_memory_win.cc(73)] ReadMemory at 0x18bf3e98fb0 of 512 bytes failed: Запрос ReadProcessMemory или WriteProcessMemory был выполнен только частично. (0x12B)
[0201/181942.890:ERROR:process_memory_win.cc(73)] ReadMemory at 0x18bf3eb3c40 of 512 bytes failed: Запрос ReadProcessMemory или WriteProcessMemory был выполнен только частично. (0x12B)
[0201/181942.890:ERROR:process_memory_win.cc(73)] ReadMemory at 0x18bf3ec1408 of 512 bytes failed: Запрос ReadProcessMemory или WriteProcessMemory был выполнен только частично. (0x12B)
[0201/181942.890:ERROR:process_memory_win.cc(73)] ReadMemory at 0x18bf3ed43c0 of 712 bytes failed: Запрос ReadProcessMemory или WriteProcessMemory был выполнен только частично. (0x12B)
[0201/181942.890:ERROR:process_memory_win.cc(73)] ReadMemory at 0x18bf5f62520 of 512 bytes failed: Запрос ReadProcessMemory или WriteProcessMemory был выполнен только частично. (0x12B)
[0201/181942.890:ERROR:process_memory_win.cc(73)] ReadMemory at 0x18bf5f754b8 of 512 bytes failed: Запрос ReadProcessMemory или WriteProcessMemory был выполнен только частично. (0x12B)
[0201/181942.891:ERROR:process_memory_win.cc(73)] ReadMemory at 0x18bf5f75c08 of 512 bytes failed: Запрос ReadProcessMemory или WriteProcessMemory был выполнен только частично. (0x12B)
[0201/181942.891:ERROR:process_memory_win.cc(73)] ReadMemory at 0x18bf5f75e48 of 512 bytes failed: Запрос ReadProcessMemory или WriteProcessMemory был выполнен только частично. (0x12B)
[0201/181942.892:ERROR:process_memory_win.cc(73)] ReadMemory at 0x18bf5f76088 of 512 bytes failed: Запрос ReadProcessMemory или WriteProcessMemory был выполнен только частично. (0x12B)
[0201/181942.892:ERROR:process_memory_win.cc(73)] ReadMemory at 0x18bf5f768f8 of 512 bytes failed: Запрос ReadProcessMemory или WriteProcessMemory был выполнен только частично. (0x12B)
[0201/181942.893:ERROR:process_memory_win.cc(73)] ReadMemory at 0x18bf60e7e20 of 512 bytes failed: Запрос ReadProcessMemory или WriteProcessMemory был выполнен только частично. (0x12B)
[0201/181942.893:ERROR:process_memory_win.cc(73)] ReadMemory at 0x18bf60f3778 of 512 bytes failed: Запрос ReadProcessMemory или WriteProcessMemory был выполнен только частично. (0x12B)
[0201/181942.893:ERROR:process_memory_win.cc(73)] ReadMemory at 0x18bf64c1af8 of 512 bytes failed: Запрос ReadProcessMemory или WriteProcessMemory был выполнен только частично. (0x12B)
[0201/181942.893:ERROR:process_memory_win.cc(73)] ReadMemory at 0x18bf64cbfa0 of 512 bytes failed: Запрос ReadProcessMemory или WriteProcessMemory был выполнен только частично. (0x12B)
[0201/181942.894:ERROR:process_memory_win.cc(73)] ReadMemory at 0x2915708371a8 of 512 bytes failed: Запрос ReadProcessMemory или WriteProcessMemory был выполнен только частично. (0x12B)
[0201/181942.894:ERROR:process_memory_win.cc(73)] ReadMemory at 0x2915709fbf80 of 128 bytes failed: Запрос ReadProcessMemory или WriteProcessMemory был выполнен только частично. (0x12B)
[0201/181942.897:ERROR:process_memory_win.cc(73)] ReadMemory at 0x7ff81dc64ad0 of 512 bytes failed: Запрос ReadProcessMemory или WriteProcessMemory был выполнен только частично. (0x12B)
[0201/181942.899:ERROR:process_memory_win.cc(73)] ReadMemory at 0x7ff81dfdfa20 of 512 bytes failed: Запрос ReadProcessMemory или WriteProcessMemory был выполнен только частично. (0x12B)
[0201/181942.900:ERROR:process_memory_win.cc(73)] ReadMemory at 0x7ff81e31811d of 512 bytes failed: Запрос ReadProcessMemory или WriteProcessMemory был выполнен только частично. (0x12B)
[0201/181942.900:ERROR:process_memory_win.cc(73)] ReadMemory at 0x7ff81eaffa92 of 512 bytes failed: Запрос ReadProcessMemory или WriteProcessMemory был выполнен только частично. (0x12B)
[0201/181942.900:ERROR:process_memory_win.cc(73)] ReadMemory at 0x7ff81ef9f0ec of 512 bytes failed: Запрос ReadProcessMemory или WriteProcessMemory был выполнен только частично. (0x12B)
[0201/181942.901:ERROR:process_memory_win.cc(73)] ReadMemory at 0x7ff81f2b6e5a of 512 bytes failed: Запрос ReadProcessMemory или WriteProcessMemory был выполнен только частично. (0x12B)
[0201/181942.901:ERROR:process_memory_win.cc(73)] ReadMemory at 0x7ff821e34730 of 512 bytes failed: Запрос ReadProcessMemory или WriteProcessMemory был выполнен только частично. (0x12B)
[0201/181942.901:ERROR:process_memory_win.cc(73)] ReadMemory at 0x7ff822663520 of 512 bytes failed: Запрос ReadProcessMemory или WriteProcessMemory был выполнен только частично. (0x12B)
[0201/181942.901:ERROR:process_memory_win.cc(73)] ReadMemory at 0x7ff822664e50 of 512 bytes failed: Запрос ReadProcessMemory или WriteProcessMemory был выполнен только частично. (0x12B)
[0201/181942.901:ERROR:process_memory_win.cc(73)] ReadMemory at 0x7ff822859aa4 of 512 bytes failed: Запрос ReadProcessMemory или WriteProcessMemory был выполнен только частично. (0x12B)
[0201/181942.901:ERROR:process_memory_win.cc(73)] ReadMemory at 0x7ff86846a7b9 of 512 bytes failed: Запрос ReadProcessMemory или WriteProcessMemory был выполнен только частично. (0x12B)
[0201/181942.902:ERROR:process_memory_win.cc(73)] ReadMemory at 0x7ff86b4dc0c4 of 672 bytes failed: Запрос ReadProcessMemory или WriteProcessMemory был выполнен только частично. (0x12B)
[0201/181942.902:ERROR:process_memory_win.cc(73)] ReadMemory at 0x7ff86b4dc6c4 of 512 bytes failed: Запрос ReadProcessMemory или WriteProcessMemory был выполнен только частично. (0x12B)
[0201/181942.902:ERROR:process_memory_win.cc(73)] ReadMemory at 0x7ff86b4df974 of 608 bytes failed: Запрос ReadProcessMemory или WriteProcessMemory был выполнен только частично. (0x12B)
[0201/181942.902:ERROR:process_memory_win.cc(73)] ReadMemory at 0x7ff86b56c428 of 18 bytes failed: Запрос ReadProcessMemory или WriteProcessMemory был выполнен только частично. (0x12B)
[0201/181942.902:ERROR:process_memory_win.cc(73)] ReadMemory at 0x7ff86b59f4f8 of 40 bytes failed: Запрос ReadProcessMemory или WriteProcessMemory был выполнен только частично. (0x12B)
[0201/181942.902:ERROR:process_memory_win.cc(73)] ReadMemory at 0x7ff86b59f978 of 48 bytes failed: Запрос ReadProcessMemory или WriteProcessMemory был выполнен только частично. (0x12B)
[0201/181942.902:ERROR:process_memory_win.cc(73)] ReadMemory at 0x7ff86b5a53c0 of 64 bytes failed: Запрос ReadProcessMemory или WriteProcessMemory был выполнен только частично. (0x12B)
[0201/181942.904:ERROR:scoped_process_suspend.cc(40)] NtResumeProcess: Попытка доступа к процессу, выполняющему процедуру завершения. (0xc000010a)
